app/build/outputs/logs/manifest-merger-debug-report.txt
-- Merging decision tree log ---
manifest
ADDED from src\main\AndroidManifest.xml:2:1-127:12
	package
		ADDED from src\main\AndroidManifest.xml:3:5-43
		INJECTED from src\main\AndroidManifest.xml
		INJECTED from src\main\AndroidManifest.xml
	android:versionName
		INJECTED from src\main\AndroidManifest.xml
		INJECTED from src\main\AndroidManifest.xml
	xmlns:android
		ADDED from src\main\AndroidManifest.xml:2:11-69
	android:versionCode
		INJECTED from src\main\AndroidManifest.xml
		INJECTED from src\main\AndroidManifest.xml
application
ADDED from src\main\AndroidManifest.xml:5:5-125:19
MERGED from [com.android.support:design:25.3.1] AndroidManifest.xml:29:5-20
MERGED from [com.android.support:appcompat-v7:25.3.1] AndroidManifest.xml:29:5-20
MERGED from [com.android.support:animated-vector-drawable:25.3.1] AndroidManifest.xml:26:5-20
MERGED from [com.android.support:support-vector-drawable:25.3.1] AndroidManifest.xml:26:5-20
MERGED from [com.android.support:transition:25.3.1] AndroidManifest.xml:26:5-20
MERGED from [com.android.support:support-v4:25.3.1] AndroidManifest.xml:29:5-20
MERGED from [com.android.support:support-fragment:25.3.1] AndroidManifest.xml:29:5-20
MERGED from [com.android.support:support-media-compat:25.3.1] AndroidManifest.xml:29:5-20
MERGED from [com.android.support:support-core-ui:25.3.1] AndroidManifest.xml:29:5-20
MERGED from [com.android.support:support-core-utils:25.3.1] AndroidManifest.xml:29:5-20
MERGED from [com.android.support:support-compat:25.3.1] AndroidManifest.xml:29:5-20
	android:label
		ADDED from src\main\AndroidManifest.xml:8:9-41
	android:supportsRtl
		ADDED from src\main\AndroidManifest.xml:9:9-35
	android:allowBackup
		ADDED from src\main\AndroidManifest.xml:6:9-35
	android:icon
		ADDED from src\main\AndroidManifest.xml:7:9-43
	android:theme
		ADDED from src\main\AndroidManifest.xml:10:9-40
activity#com.nagy.mohamed.ardelkonouz.MainActivity
ADDED from src\main\AndroidManifest.xml:11:9-20:20
	android:label
		ADDED from src\main\AndroidManifest.xml:13:13-45
	android:theme
		ADDED from src\main\AndroidManifest.xml:14:13-56
	android:name
		ADDED from src\main\AndroidManifest.xml:12:13-41
intent-filter#android.intent.action.MAIN+android.intent.category.LAUNCHER
ADDED from src\main\AndroidManifest.xml:15:13-19:29
action#android.intent.action.MAIN
ADDED from src\main\AndroidManifest.xml:16:17-69
	android:name
		ADDED from src\main\AndroidManifest.xml:16:25-66
category#android.intent.category.LAUNCHER
ADDED from src\main\AndroidManifest.xml:18:17-77
	android:name
		ADDED from src\main\AndroidManifest.xml:18:27-74
provider#com.nagy.mohamed.ardelkonouz.offlineDatabase.ContentProviderDatabase
ADDED from src\main\AndroidManifest.xml:22:9-24:66
	android:authorities
		ADDED from src\main\AndroidManifest.xml:24:13-63
	android:name
		ADDED from src\main\AndroidManifest.xml:23:13-68
activity#com.nagy.mohamed.ardelkonouz.ui.ListScreens.ChildActivity
ADDED from src\main\AndroidManifest.xml:26:9-30:59
	android:label
		ADDED from src\main\AndroidManifest.xml:28:13-55
	android:parentActivityName
		ADDED from src\main\AndroidManifest.xml:29:13-55
	android:theme
		ADDED from src\main\AndroidManifest.xml:30:13-56
	android:name
		ADDED from src\main\AndroidManifest.xml:27:13-57
activity#com.nagy.mohamed.ardelkonouz.ui.ProfileScreens.ChildProfileActivity
ADDED from src\main\AndroidManifest.xml:31:9-35:59
	android:label
		ADDED from src\main\AndroidManifest.xml:33:13-63
	android:parentActivityName
		ADDED from src\main\AndroidManifest.xml:34:13-71
	android:theme
		ADDED from src\main\AndroidManifest.xml:35:13-56
	android:name
		ADDED from src\main\AndroidManifest.xml:32:13-67
activity#com.nagy.mohamed.ardelkonouz.ui.ListScreens.InstructorActivity
ADDED from src\main\AndroidManifest.xml:36:9-40:59
	android:label
		ADDED from src\main\AndroidManifest.xml:38:13-62
	android:parentActivityName
		ADDED from src\main\AndroidManifest.xml:39:13-55
	android:theme
		ADDED from src\main\AndroidManifest.xml:40:13-56
	android:name
		ADDED from src\main\AndroidManifest.xml:37:13-62
activity#com.nagy.mohamed.ardelkonouz.ui.ProfileScreens.InstructorProfileActivity
ADDED from src\main\AndroidManifest.xml:41:9-45:59
	android:label
		ADDED from src\main\AndroidManifest.xml:43:13-70
	android:parentActivityName
		ADDED from src\main\AndroidManifest.xml:44:13-76
	android:theme
		ADDED from src\main\AndroidManifest.xml:45:13-56
	android:name
		ADDED from src\main\AndroidManifest.xml:42:13-72
activity#com.nagy.mohamed.ardelkonouz.ui.ListScreens.EmployeeActivity
ADDED from src\main\AndroidManifest.xml:46:9-50:59
	android:label
		ADDED from src\main\AndroidManifest.xml:48:13-60
	android:parentActivityName
		ADDED from src\main\AndroidManifest.xml:49:13-55
	android:theme
		ADDED from src\main\AndroidManifest.xml:50:13-56
	android:name
		ADDED from src\main\AndroidManifest.xml:47:13-60
activity#com.nagy.mohamed.ardelkonouz.ui.ProfileScreens.EmployeeProfileActivity
ADDED from src\main\AndroidManifest.xml:51:9-55:59
	android:label
		ADDED from src\main\AndroidManifest.xml:53:13-68
	android:parentActivityName
		ADDED from src\main\AndroidManifest.xml:54:13-74
	android:theme
		ADDED from src\main\AndroidManifest.xml:55:13-56
	android:name
		ADDED from src\main\AndroidManifest.xml:52:13-70
activity#com.nagy.mohamed.ardelkonouz.ui.ListScreens.CourseActivity
ADDED from src\main\AndroidManifest.xml:56:9-60:59
	android:label
		ADDED from src\main\AndroidManifest.xml:58:13-66
	android:parentActivityName
		ADDED from src\main\AndroidManifest.xml:59:13-55
	android:theme
		ADDED from src\main\AndroidManifest.xml:60:13-56
	android:name
		ADDED from src\main\AndroidManifest.xml:57:13-58
activity#com.nagy.mohamed.ardelkonouz.ui.ProfileScreens.CourseProfileActivity
ADDED from src\main\AndroidManifest.xml:61:9-65:59
	android:label
		ADDED from src\main\AndroidManifest.xml:63:13-66
	android:parentActivityName
		ADDED from src\main\AndroidManifest.xml:64:13-72
	android:theme
		ADDED from src\main\AndroidManifest.xml:65:13-56
	android:name
		ADDED from src\main\AndroidManifest.xml:62:13-68
activity#com.nagy.mohamed.ardelkonouz.ui.InputScreens.ChildInputActivity
ADDED from src\main\AndroidManifest.xml:66:9-70:59
	android:label
		ADDED from src\main\AndroidManifest.xml:68:13-63
	android:parentActivityName
		ADDED from src\main\AndroidManifest.xml:69:13-71
	android:theme
		ADDED from src\main\AndroidManifest.xml:70:13-56
	android:name
		ADDED from src\main\AndroidManifest.xml:67:13-63
activity#com.nagy.mohamed.ardelkonouz.ui.InputScreens.ShiftInputActivity
ADDED from src\main\AndroidManifest.xml:71:9-75:59
	android:label
		ADDED from src\main\AndroidManifest.xml:73:13-59
	android:parentActivityName
		ADDED from src\main\AndroidManifest.xml:74:13-75
	android:theme
		ADDED from src\main\AndroidManifest.xml:75:13-56
	android:name
		ADDED from src\main\AndroidManifest.xml:72:13-63
activity#com.nagy.mohamed.ardelkonouz.ui.InputScreens.InstructorInputActivity
ADDED from src\main\AndroidManifest.xml:76:9-80:59
	android:label
		ADDED from src\main\AndroidManifest.xml:78:13-68
	android:parentActivityName
		ADDED from src\main\AndroidManifest.xml:79:13-76
	android:theme
		ADDED from src\main\AndroidManifest.xml:80:13-56
	android:name
		ADDED from src\main\AndroidManifest.xml:77:13-68
activity#com.nagy.mohamed.ardelkonouz.ui.InputScreens.EmployeeInput
ADDED from src\main\AndroidManifest.xml:81:9-85:59
	android:label
		ADDED from src\main\AndroidManifest.xml:83:13-66
	android:parentActivityName
		ADDED from src\main\AndroidManifest.xml:84:13-74
	android:theme
		ADDED from src\main\AndroidManifest.xml:85:13-56
	android:name
		ADDED from src\main\AndroidManifest.xml:82:13-58
activity#com.nagy.mohamed.ardelkonouz.ui.InputScreens.CourseInputActivity
ADDED from src\main\AndroidManifest.xml:86:9-90:59
	android:label
		ADDED from src\main\AndroidManifest.xml:88:13-64
	android:parentActivityName
		ADDED from src\main\AndroidManifest.xml:89:13-72
	android:theme
		ADDED from src\main\AndroidManifest.xml:90:13-56
	android:name
		ADDED from src\main\AndroidManifest.xml:87:13-64
activity#com.nagy.mohamed.ardelkonouz.ui.ProfileScreens.ConnectorsScreen.ChildCourseConnectorActivity
ADDED from src\main\AndroidManifest.xml:91:9-95:59
	android:label
		ADDED from src\main\AndroidManifest.xml:93:13-74
	android:parentActivityName
		ADDED from src\main\AndroidManifest.xml:94:13-71
	android:theme
		ADDED from src\main\AndroidManifest.xml:95:13-56
	android:name
		ADDED from src\main\AndroidManifest.xml:92:13-92
activity#com.nagy.mohamed.ardelkonouz.ui.ProfileScreens.ConnectorsScreen.InstructorCourseConnectorActivity
ADDED from src\main\AndroidManifest.xml:96:9-100:59
	android:label
		ADDED from src\main\AndroidManifest.xml:98:13-79
	android:parentActivityName
		ADDED from src\main\AndroidManifest.xml:99:13-76
	android:theme
		ADDED from src\main\AndroidManifest.xml:100:13-56
	android:name
		ADDED from src\main\AndroidManifest.xml:97:13-97
activity#com.nagy.mohamed.ardelkonouz.ui.SalaryScreens.SalaryActivity
ADDED from src\main\AndroidManifest.xml:101:9-105:59
	android:label
		ADDED from src\main\AndroidManifest.xml:103:13-58
	android:parentActivityName
		ADDED from src\main\AndroidManifest.xml:104:13-55
	android:theme
		ADDED from src\main\AndroidManifest.xml:105:13-56
	android:name
		ADDED from src\main\AndroidManifest.xml:102:13-60
activity#com.nagy.mohamed.ardelkonouz.ui.SalaryScreens.InstructorSalaryActivity
ADDED from src\main\AndroidManifest.xml:106:9-110:59
	android:label
		ADDED from src\main\AndroidManifest.xml:108:13-69
	android:parentActivityName
		ADDED from src\main\AndroidManifest.xml:109:13-74
	android:theme
		ADDED from src\main\AndroidManifest.xml:110:13-56
	android:name
		ADDED from src\main\AndroidManifest.xml:107:13-70
activity#com.nagy.mohamed.ardelkonouz.ui.ListScreens.ShiftListActivity
ADDED from src\main\AndroidManifest.xml:111:9-115:59
	android:label
		ADDED from src\main\AndroidManifest.xml:113:13-62
	android:parentActivityName
		ADDED from src\main\AndroidManifest.xml:114:13-55
	android:theme
		ADDED from src\main\AndroidManifest.xml:115:13-56
	android:name
		ADDED from src\main\AndroidManifest.xml:112:13-61
activity#com.nagy.mohamed.ardelkonouz.ui.ProfileScreens.SectionProfileActivity
ADDED from src\main\AndroidManifest.xml:116:9-120:59
	android:label
		ADDED from src\main\AndroidManifest.xml:118:13-67
	android:parentActivityName
		ADDED from src\main\AndroidManifest.xml:119:13-82
	android:theme
		ADDED from src\main\AndroidManifest.xml:120:13-56
	android:name
		ADDED from src\main\AndroidManifest.xml:117:13-69
activity#com.nagy.mohamed.ardelkonouz.ui.InputScreens.SectionInputActivity
ADDED from src\main\AndroidManifest.xml:121:9-124:68
	android:label
		ADDED from src\main\AndroidManifest.xml:123:13-65
	android:theme
		ADDED from src\main\AndroidManifest.xml:124:13-56
	android:name
		ADDED from src\main\AndroidManifest.xml:122:13-65
uses-sdk
INJECTED from src\main\AndroidManifest.xml reason: use-sdk injection requested
MERGED from [com.android.support:design:25.3.1] AndroidManifest.xml:21:5-23:62
MERGED from [com.android.support:appcompat-v7:25.3.1] AndroidManifest.xml:21:5-23:78
MERGED from [com.android.support:animated-vector-drawable:25.3.1] AndroidManifest.xml:20:5-44
MERGED from [com.android.support:support-vector-drawable:25.3.1] AndroidManifest.xml:20:5-43
MERGED from [com.android.support:recyclerview-v7:25.3.1] AndroidManifest.xml:20:5-43
MERGED from [com.android.support:transition:25.3.1] AndroidManifest.xml:20:5-44
MERGED from [com.android.support:support-v4:25.3.1] AndroidManifest.xml:21:5-23:54
MERGED from [com.android.support:support-fragment:25.3.1] AndroidManifest.xml:21:5-23:60
MERGED from [com.android.support:support-media-compat:25.3.1] AndroidManifest.xml:21:5-23:63
MERGED from [com.android.support:support-core-ui:25.3.1] AndroidManifest.xml:21:5-23:58
MERGED from [com.android.support:support-core-utils:25.3.1] AndroidManifest.xml:21:5-23:61
MERGED from [com.android.support:support-compat:25.3.1] AndroidManifest.xml:21:5-23:58
	tools:overrideLibrary
		ADDED from [com.android.support:design:25.3.1] AndroidManifest.xml:23:9-59
	android:targetSdkVersion
		INJECTED from src\main\AndroidManifest.xml
		INJECTED from src\main\AndroidManifest.xml
	android:minSdkVersion
		INJECTED from src\main\AndroidManifest.xml
		INJECTED from src\main\AndroidManifest.xml
meta-data#android.support.VERSION
ADDED from [com.android.support:design:25.3.1] AndroidManifest.xml:25:5-27:34
MERGED from [com.android.support:appcompat-v7:25.3.1] AndroidManifest.xml:25:5-27:34
MERGED from [com.android.support:animated-vector-drawable:25.3.1] AndroidManifest.xml:22:5-24:34
MERGED from [com.android.support:support-vector-drawable:25.3.1] AndroidManifest.xml:22:5-24:34
MERGED from [com.android.support:recyclerview-v7:25.3.1] AndroidManifest.xml:22:5-24:34
MERGED from [com.android.support:transition:25.3.1] AndroidManifest.xml:22:5-24:34
MERGED from [com.android.support:support-v4:25.3.1] AndroidManifest.xml:25:5-27:34
MERGED from [com.android.support:support-fragment:25.3.1] AndroidManifest.xml:25:5-27:34
MERGED from [com.android.support:support-media-compat:25.3.1] AndroidManifest.xml:25:5-27:34
MERGED from [com.android.support:support-core-ui:25.3.1] AndroidManifest.xml:25:5-27:34
MERGED from [com.android.support:support-core-utils:25.3.1] AndroidManifest.xml:25:5-27:34
MERGED from [com.android.support:support-compat:25.3.1] AndroidManifest.xml:25:5-27:34
	android:value
		ADDED from [com.android.support:design:25.3.1] AndroidManifest.xml:27:9-31
	android:name
		ADDED from [com.android.support:design:25.3.1] AndroidManifest.xml:26:9-47